# JRE version: 7.0_05-b06
# Java VM: Java HotSpot(TM) Client VM (23.1-b03 mixed mode windows-x86 )
Heap
 par new generation   total 4928K, used 783K [0x04610000, 0x04b60000, 0x0c610000)
  eden space 4416K,  17% used [0x04610000, 0x046ce7f0, 0x04a60000)
  from space 512K,   4% used [0x04a60000, 0x04a65590, 0x04ae0000)
  to   space 512K,   0% used [0x04ae0000, 0x04ae0000, 0x04b60000)
 concurrent mark-sweep generation total 120984K, used 56227K [0x0c610000, 0x13c36000, 0x24610000)
 concurrent-mark-sweep perm gen total 62868K, used 37713K [0x24610000, 0x28375000, 0x34610000)
GC Heap History (10 events):
Event: 98013.437 GC heap before
{Heap before GC invocations=1557 (full 16):
 par new generation   total 4928K, used 4437K [0x04610000, 0x04b60000, 0x0c610000)
  eden space 4416K, 100% used [0x04610000, 0x04a60000, 0x04a60000)
  from space 512K,   4% used [0x04ae0000, 0x04ae5438, 0x04b60000)
  to   space 512K,   0% used [0x04a60000, 0x04a60000, 0x04ae0000)
 concurrent mark-sweep generation total 120984K, used 56227K [0x0c610000, 0x13c36000, 0x24610000)
 concurrent-mark-sweep perm gen total 62868K, used 37712K [0x24610000, 0x28375000, 0x34610000)
Event: 98013.439 GC heap after
Heap after GC invocations=1558 (full 16):
 par new generation   total 4928K, used 27K [0x04610000, 0x04b60000, 0x0c610000)
  eden space 4416K,   0% used [0x04610000, 0x04610000, 0x04a60000)
  from space 512K,   5% used [0x04a60000, 0x04a66da0, 0x04ae0000)
  to   space 512K,   0% used [0x04ae0000, 0x04ae0000, 0x04b60000)
 concurrent mark-sweep generation total 120984K, used 56227K [0x0c610000, 0x13c36000, 0x24610000)
 concurrent-mark-sweep perm gen total 62868K, used 37712K [0x24610000, 0x28375000, 0x34610000)
}
Event: 98017.521 GC heap before
{Heap before GC invocations=1558 (full 16):
 par new generation   total 4928K, used 4443K [0x04610000, 0x04b60000, 0x0c610000)
  eden space 4416K, 100% used [0x04610000, 0x04a60000, 0x04a60000)
  from space 512K,   5% used [0x04a60000, 0x04a66da0, 0x04ae0000)
  to   space 512K,   0% used [0x04ae0000, 0x04ae0000, 0x04b60000)
 concurrent mark-sweep generation total 120984K, used 56227K [0x0c610000, 0x13c36000, 0x24610000)
 concurrent-mark-sweep perm gen total 62868K, used 37712K [0x24610000, 0x28375000, 0x34610000)
Event: 98017.523 GC heap after
Heap after GC invocations=1559 (full 16):
 par new generation   total 4928K, used 25K [0x04610000, 0x04b60000, 0x0c610000)
  eden space 4416K,   0% used [0x04610000, 0x04610000, 0x04a60000)
  from space 512K,   4% used [0x04ae0000, 0x04ae6438, 0x04b60000)
  to   space 512K,   0% used [0x04a60000, 0x04a60000, 0x04ae0000)
 concurrent mark-sweep generation total 120984K, used 56227K [0x0c610000, 0x13c36000, 0x24610000)
 concurrent-mark-sweep perm gen total 62868K, used 37712K [0x24610000, 0x28375000, 0x34610000)
}
Event: 98021.640 GC heap before
{Heap before GC invocations=1559 (full 16):
 par new generation   total 4928K, used 4441K [0x04610000, 0x04b60000, 0x0c610000)
  eden space 4416K, 100% used [0x04610000, 0x04a60000, 0x04a60000)
  from space 512K,   4% used [0x04ae0000, 0x04ae6438, 0x04b60000)
  to   space 512K,   0% used [0x04a60000, 0x04a60000, 0x04ae0000)
 concurrent mark-sweep generation total 120984K, used 56227K [0x0c610000, 0x13c36000, 0x24610000)
 concurrent-mark-sweep perm gen total 62868K, used 37712K [0x24610000, 0x28375000, 0x34610000)
Event: 98021.641 GC heap after
Heap after GC invocations=1560 (full 16):
 par new generation   total 4928K, used 30K [0x04610000, 0x04b60000, 0x0c610000)
  eden space 4416K,   0% used [0x04610000, 0x04610000, 0x04a60000)
  from space 512K,   5% used [0x04a60000, 0x04a67ae0, 0x04ae0000)
  to   space 512K,   0% used [0x04ae0000, 0x04ae0000, 0x04b60000)
 concurrent mark-sweep generation total 120984K, used 56227K [0x0c610000, 0x13c36000, 0x24610000)
 concurrent-mark-sweep perm gen total 62868K, used 37712K [0x24610000, 0x28375000, 0x34610000)
}
Event: 98026.256 GC heap before
{Heap before GC invocations=1560 (full 16):
 par new generation   total 4928K, used 4446K [0x04610000, 0x04b60000, 0x0c610000)
  eden space 4416K, 100% used [0x04610000, 0x04a60000, 0x04a60000)
  from space 512K,   5% used [0x04a60000, 0x04a67ae0, 0x04ae0000)
  to   space 512K,   0% used [0x04ae0000, 0x04ae0000, 0x04b60000)
 concurrent mark-sweep generation total 120984K, used 56227K [0x0c610000, 0x13c36000, 0x24610000)
 concurrent-mark-sweep perm gen total 62868K, used 37712K [0x24610000, 0x28375000, 0x34610000)
Event: 98026.258 GC heap after
Heap after GC invocations=1561 (full 16):
 par new generation   total 4928K, used 21K [0x04610000, 0x04b60000, 0x0c610000)
  eden space 4416K,   0% used [0x04610000, 0x04610000, 0x04a60000)
  from space 512K,   4% used [0x04ae0000, 0x04ae5508, 0x04b60000)
  to   space 512K,   0% used [0x04a60000, 0x04a60000, 0x04ae0000)
 concurrent mark-sweep generation total 120984K, used 56227K [0x0c610000, 0x13c36000, 0x24610000)
 concurrent-mark-sweep perm gen total 62868K, used 37712K [0x24610000, 0x28375000, 0x34610000)
}
Event: 98030.343 GC heap before
{Heap before GC invocations=1561 (full 16):
 par new generation   total 4928K, used 4437K [0x04610000, 0x04b60000, 0x0c610000)
  eden space 4416K, 100% used [0x04610000, 0x04a60000, 0x04a60000)
  from space 512K,   4% used [0x04ae0000, 0x04ae5508, 0x04b60000)
  to   space 512K,   0% used [0x04a60000, 0x04a60000, 0x04ae0000)
 concurrent mark-sweep generation total 120984K, used 56227K [0x0c610000, 0x13c36000, 0x24610000)
 concurrent-mark-sweep perm gen total 62868K, used 37712K [0x24610000, 0x28375000, 0x34610000)
Event: 98030.345 GC heap after
Heap after GC invocations=1562 (full 16):
 par new generation   total 4928K, used 21K [0x04610000, 0x04b60000, 0x0c610000)
  eden space 4416K,   0% used [0x04610000, 0x04610000, 0x04a60000)
  from space 512K,   4% used [0x04a60000, 0x04a65590, 0x04ae0000)
  to   space 512K,   0% used [0x04ae0000, 0x04ae0000, 0x04b60000)
 concurrent mark-sweep generation total 120984K, used 56227K [0x0c610000, 0x13c36000, 0x24610000)
 concurrent-mark-sweep perm gen total 62868K, used 37712K [0x24610000, 0x28375000, 0x34610000)
}

